mode: set
os/dir.go:40.51,41.14 1 1
os/dir.go:41.14,43.3 1 1
os/dir.go:44.2,45.18 2 1
os/dir.go:45.18,50.3 1 1
os/dir.go:51.2,51.19 1 1
os/dir.go:69.64,70.14 1 1
os/dir.go:70.14,72.3 1 1
os/dir.go:73.2,74.18 2 1
os/dir.go:74.18,79.3 1 1
os/dir.go:80.2,80.19 1 1
os/dir.go:97.51,98.14 1 1
os/dir.go:98.14,100.3 1 0
os/dir.go:101.2,102.20 2 1
os/dir.go:102.20,105.3 1 1
os/dir.go:106.2,106.21 1 1
os/dir.go:118.47,120.16 2 1
os/dir.go:120.16,122.3 1 1
os/dir.go:123.2,126.48 3 1
os/dir.go:126.48,128.3 1 1
os/dir.go:129.2,129.18 1 1
os/dir.go:152.43,153.81 1 1
os/dir.go:153.81,154.17 1 1
os/dir.go:154.17,156.4 1 0
os/dir.go:158.3,159.17 2 1
os/dir.go:159.17,161.4 1 0
os/dir.go:162.3,163.16 2 1
os/dir.go:163.16,165.4 1 1
os/dir.go:170.3,170.28 1 1
os/dir.go:170.28,172.4 1 1
os/dir.go:174.3,175.17 2 1
os/dir.go:175.17,177.4 1 0
os/dir.go:178.3,180.17 3 1
os/dir.go:180.17,182.4 1 0
os/dir.go:183.3,184.17 2 1
os/dir.go:184.17,186.4 1 1
os/dir.go:188.3,188.42 1 1
os/dir.go:188.42,191.4 2 0
os/dir.go:192.3,192.19 1 1
os/dir_darwin.go:19.27,20.16 1 1
os/dir_darwin.go:20.16,22.3 1 0
os/dir_darwin.go:23.2,24.11 2 1
os/dir_darwin.go:27.115,30.6 2 1
os/dir_darwin.go:30.6,32.15 2 1
os/dir_darwin.go:32.15,33.9 1 1
os/dir_darwin.go:35.3,36.19 2 1
os/dir_darwin.go:36.19,38.4 1 1
os/dir_darwin.go:39.3,40.39 2 1
os/dir_darwin.go:40.39,41.9 1 1
os/dir_darwin.go:44.3,44.12 1 0
os/dir_darwin.go:47.2,48.15 2 1
os/dir_darwin.go:48.15,51.3 2 1
os/dir_darwin.go:53.2,55.59 3 1
os/dir_darwin.go:55.59,56.62 1 1
os/dir_darwin.go:56.62,57.30 1 0
os/dir_darwin.go:57.30,58.13 1 0
os/dir_darwin.go:60.4,60.85 1 0
os/dir_darwin.go:62.3,62.20 1 1
os/dir_darwin.go:62.20,63.9 1 1
os/dir_darwin.go:74.3,74.22 1 1
os/dir_darwin.go:74.22,75.12 1 0
os/dir_darwin.go:77.3,78.26 2 1
os/dir_darwin.go:78.26,79.14 1 1
os/dir_darwin.go:79.14,81.10 2 1
os/dir_darwin.go:85.3,85.50 1 1
os/dir_darwin.go:85.50,86.12 1 1
os/dir_darwin.go:88.3,88.26 1 1
os/dir_darwin.go:88.26,90.4 1 1
os/dir_darwin.go:90.9,90.37 1 1
os/dir_darwin.go:90.37,92.23 2 1
os/dir_darwin.go:92.23,95.13 1 0
os/dir_darwin.go:97.4,97.18 1 1
os/dir_darwin.go:97.18,99.5 1 0
os/dir_darwin.go:100.4,100.33 1 1
os/dir_darwin.go:101.9,103.23 2 1
os/dir_darwin.go:103.23,106.13 1 1
os/dir_darwin.go:108.4,108.18 1 1
os/dir_darwin.go:108.18,110.5 1 1
os/dir_darwin.go:111.4,111.31 1 1
os/dir_darwin.go:113.3,113.23 1 1
os/dir_darwin.go:116.2,116.54 1 1
os/dir_darwin.go:116.54,118.3 1 1
os/dir_darwin.go:119.2,119.35 1 1
os/dir_darwin.go:122.35,123.13 1 1
os/dir_darwin.go:124.22,125.20 1 0
os/dir_darwin.go:126.22,127.37 1 0
os/dir_darwin.go:128.22,129.17 1 1
os/dir_darwin.go:130.23,131.23 1 0
os/dir_darwin.go:132.22,133.21 1 1
os/dir_darwin.go:134.22,135.11 1 1
os/dir_darwin.go:136.23,137.20 1 0
os/dir_darwin.go:139.2,139.21 1 0
os/eloop_other.go:15.36,16.13 1 1
os/eloop_other.go:17.37,18.14 1 1
os/eloop_other.go:20.2,20.33 1 1
os/eloop_other.go:20.33,22.28 1 0
os/eloop_other.go:22.28,24.4 1 0
os/eloop_other.go:26.2,26.14 1 1
os/env.go:16.59,20.30 3 1
os/env.go:20.30,21.34 1 1
os/env.go:21.34,22.18 1 1
os/env.go:22.18,24.5 1 1
os/env.go:25.4,27.27 3 1
os/env.go:27.28,30.5 0 1
os/env.go:30.10,30.25 1 1
os/env.go:30.25,34.5 1 1
os/env.go:34.10,36.5 1 1
os/env.go:37.4,38.13 2 1
os/env.go:41.2,41.16 1 1
os/env.go:41.16,43.3 1 1
os/env.go:44.2,44.28 1 1
os/env.go:50.33,52.2 1 1
os/env.go:56.38,57.11 1 1
os/env.go:58.91,59.14 1 1
os/env.go:61.2,61.14 1 1
os/env.go:65.31,67.2 1 1
os/env.go:72.43,73.9 1 1
os/env.go:74.19,75.59 1 1
os/env.go:75.59,77.4 1 1
os/env.go:79.3,79.31 1 1
os/env.go:79.31,80.19 1 1
os/env.go:80.19,81.15 1 1
os/env.go:81.15,83.6 1 1
os/env.go:84.5,84.25 1 1
os/env.go:87.3,87.15 1 1
os/env.go:88.31,89.19 1 1
os/env.go:92.2,93.49 2 1
os/env.go:93.50,94.3 0 1
os/env.go:95.2,95.17 1 1
os/env.go:101.32,105.2 3 1
os/env.go:112.43,115.2 2 1
os/env.go:119.38,121.16 2 1
os/env.go:121.16,123.3 1 1
os/env.go:124.2,124.12 1 1
os/env.go:128.33,130.2 1 1
os/env.go:133.17,135.2 1 1
os/env.go:139.25,141.2 1 1
os/error.go:30.28,30.57 1 1
os/error.go:39.34,39.69 1 1
os/error.go:54.39,54.82 1 0
os/error.go:56.39,56.55 1 1
os/error.go:59.39,62.2 2 0
os/error.go:67.55,68.16 1 1
os/error.go:68.16,70.3 1 1
os/error.go:71.2,71.36 1 1
os/error.go:80.30,82.2 1 1
os/error.go:90.33,92.2 1 1
os/error.go:100.35,102.2 1 1
os/error.go:112.32,115.2 2 1
os/error.go:117.48,122.19 2 1
os/error.go:122.19,124.3 1 1
os/error.go:126.2,127.27 2 1
os/error.go:131.39,132.27 1 1
os/error.go:133.18,134.17 1 1
os/error.go:135.18,136.17 1 1
os/error.go:137.21,138.17 1 1
os/error.go:140.2,140.12 1 1
os/exec.go:105.38,112.2 3 1
os/exec.go:114.57,123.2 4 0
os/exec.go:125.39,135.2 4 0
os/exec.go:137.69,138.26 1 0
os/exec.go:138.26,139.57 1 0
os/exec.go:142.2,142.6 1 0
os/exec.go:142.6,144.34 2 0
os/exec.go:144.34,146.4 1 0
os/exec.go:147.3,148.41 2 0
os/exec.go:148.41,149.12 1 0
os/exec.go:151.3,151.28 1 0
os/exec.go:155.44,156.26 1 0
os/exec.go:156.26,157.57 1 0
os/exec.go:160.2,160.6 1 0
os/exec.go:160.6,164.16 4 0
os/exec.go:164.16,168.46 1 0
os/exec.go:170.3,170.38 1 0
os/exec.go:170.38,176.58 1 0
os/exec.go:178.3,179.42 2 0
os/exec.go:179.42,180.12 1 0
os/exec.go:182.3,182.34 1 0
os/exec.go:182.34,184.4 1 0
os/exec.go:185.3,185.9 1 0
os/exec.go:194.79,195.26 1 0
os/exec.go:195.26,196.58 1 0
os/exec.go:199.2,199.6 1 0
os/exec.go:199.6,202.25 3 0
os/exec.go:202.25,209.4 1 0
os/exec.go:210.3,210.16 1 0
os/exec.go:210.16,213.46 1 0
os/exec.go:215.3,216.41 2 0
os/exec.go:216.41,217.12 1 0
os/exec.go:219.3,219.34 1 0
os/exec.go:219.34,221.4 1 0
os/exec.go:222.3,222.16 1 0
os/exec.go:226.45,227.23 1 1
os/exec.go:227.23,228.44 1 0
os/exec.go:231.2,231.38 1 1
os/exec.go:234.55,235.23 1 1
os/exec.go:235.23,236.48 1 0
os/exec.go:247.2,247.43 1 1
os/exec.go:286.19,286.46 1 1
os/exec.go:289.20,289.48 1 1
os/exec.go:300.45,302.2 1 1
os/exec.go:317.81,320.2 2 1
os/exec.go:325.35,343.2 1 1
os/exec.go:348.32,350.2 1 1
os/exec.go:357.49,359.2 1 1
os/exec.go:363.44,365.2 1 1
os/exec.go:368.49,370.2 1 0
os/exec.go:373.51,375.2 1 0
os/exec.go:380.38,382.2 1 0
os/exec.go:386.39,388.2 1 1
os/exec.go:393.34,395.2 1 1
os/exec.go:402.39,404.2 1 0
os/exec_nohandle.go:9.34,9.35 0 0
os/exec_posix.go:26.87,30.54 1 1
os/exec_posix.go:30.54,31.43 1 1
os/exec_posix.go:31.43,35.4 3 0
os/exec_posix.go:38.2,44.24 3 1
os/exec_posix.go:44.24,46.17 2 1
os/exec_posix.go:46.17,48.4 1 0
os/exec_posix.go:50.2,51.31 2 1
os/exec_posix.go:51.31,53.3 1 1
os/exec_posix.go:55.2,60.14 3 1
os/exec_posix.go:60.14,62.3 1 0
os/exec_posix.go:65.2,65.31 1 1
os/exec_posix.go:65.31,68.10 3 1
os/exec_posix.go:68.10,70.4 1 1
os/exec_posix.go:73.2,73.38 1 0
os/exec_posix.go:76.32,78.2 1 1
os/exec_posix.go:88.34,90.2 1 0
os/exec_posix.go:92.38,94.2 1 0
os/exec_posix.go:96.39,98.2 1 1
os/exec_posix.go:100.34,102.2 1 1
os/exec_posix.go:104.39,106.2 1 0
os/exec_posix.go:108.40,109.14 1 1
os/exec_posix.go:109.14,111.3 1 1
os/exec_posix.go:112.2,114.9 3 0
os/exec_posix.go:115.23,117.55 2 0
os/exec_posix.go:117.55,119.4 1 0
os/exec_posix.go:119.9,121.4 1 0
os/exec_posix.go:122.25,123.46 1 0
os/exec_posix.go:124.24,126.72 2 0
os/exec_posix.go:126.72,128.4 1 0
os/exec_posix.go:129.26,130.20 1 0
os/exec_posix.go:132.2,132.23 1 0
os/exec_posix.go:132.23,134.3 1 0
os/exec_posix.go:135.2,135.12 1 0
os/exec_posix.go:140.39,142.14 1 0
os/exec_posix.go:142.14,144.3 1 0
os/exec_posix.go:145.2,145.30 1 0
os/exec_unix.go:22.56,24.16 1 1
os/exec_unix.go:25.18,27.23 1 0
os/exec_unix.go:28.15,30.21 1 1
os/exec_unix.go:31.10,32.23 1 0
os/exec_unix.go:36.52,43.23 1 1
os/exec_unix.go:44.22,45.29 1 0
os/exec_unix.go:49.2,50.16 2 1
os/exec_unix.go:50.16,52.3 1 0
os/exec_unix.go:53.2,53.11 1 1
os/exec_unix.go:53.11,61.3 3 0
os/exec_unix.go:63.2,67.50 2 1
os/exec_unix.go:67.50,69.3 1 1
os/exec_unix.go:70.2,70.16 1 1
os/exec_unix.go:70.16,72.3 1 1
os/exec_unix.go:73.2,78.8 2 1
os/exec_unix.go:81.44,83.9 2 1
os/exec_unix.go:83.9,85.3 1 0
os/exec_unix.go:88.2,88.16 1 1
os/exec_unix.go:89.18,91.30 1 0
os/exec_unix.go:92.15,94.24 1 1
os/exec_unix.go:95.10,96.23 1 0
os/exec_unix.go:100.53,101.26 1 1
os/exec_unix.go:101.26,103.3 1 1
os/exec_unix.go:104.2,104.23 1 1
os/exec_unix.go:104.23,106.3 1 0
os/exec_unix.go:108.2,111.23 3 1
os/exec_unix.go:112.18,113.24 1 1
os/exec_unix.go:114.22,115.52 1 0
os/exec_unix.go:118.2,118.45 1 1
os/exec_unix.go:121.36,122.26 1 1
os/exec_unix.go:122.26,124.3 1 0
os/exec_unix.go:125.2,125.12 1 1
os/exec_unix.go:128.35,134.16 2 1
os/exec_unix.go:135.18,141.44 1 0
os/exec_unix.go:142.15,144.34 1 1
os/exec_unix.go:147.2,148.12 2 1
os/exec_unix.go:151.51,153.27 2 1
os/exec_unix.go:153.27,158.3 1 0
os/exec_unix.go:158.8,158.23 1 1
os/exec_unix.go:158.23,162.3 1 1
os/exec_unix.go:164.2,164.38 1 0
os/exec_unix.go:167.49,169.2 1 0
os/exec_unix.go:171.51,173.2 1 0
os/executable.go:18.35,20.2 1 1
os/executable_darwin.go:17.35,19.18 2 1
os/executable_darwin.go:19.18,21.3 1 0
os/executable_darwin.go:22.2,22.18 1 1
os/executable_darwin.go:22.18,23.24 1 1
os/executable_darwin.go:23.24,25.4 1 0
os/executable_darwin.go:26.3,26.37 1 1
os/executable_darwin.go:26.37,29.4 1 0
os/executable_darwin.go:30.3,30.26 1 1
os/executable_darwin.go:32.2,32.16 1 1
os/file.go:62.30,62.47 1 1
os/file.go:109.36,111.2 1 1
os/file.go:113.36,115.2 1 1
os/file.go:120.50,121.45 1 1
os/file.go:121.45,123.3 1 1
os/file.go:124.2,125.32 2 1
os/file.go:132.63,133.45 1 1
os/file.go:133.45,135.3 1 1
os/file.go:137.2,137.13 1 1
os/file.go:137.13,139.3 1 1
os/file.go:141.2,141.17 1 1
os/file.go:141.17,143.15 2 1
os/file.go:143.15,145.9 2 1
os/file.go:147.3,149.18 3 1
os/file.go:151.2,151.8 1 1
os/file.go:155.59,156.46 1 1
os/file.go:156.46,158.3 1 0
os/file.go:159.2,160.14 2 1
os/file.go:160.14,162.3 1 1
os/file.go:163.2,163.33 1 0
os/file.go:172.54,173.23 1 0
os/file.go:184.59,186.2 1 1
os/file.go:191.51,192.46 1 1
os/file.go:192.46,194.3 1 1
os/file.go:195.2,196.11 2 1
os/file.go:196.11,198.3 1 0
os/file.go:199.2,199.17 1 1
os/file.go:199.17,201.3 1 1
os/file.go:203.2,205.14 2 1
os/file.go:205.14,207.3 1 1
os/file.go:209.2,209.15 1 1
os/file.go:219.64,220.46 1 1
os/file.go:220.46,222.3 1 1
os/file.go:223.2,223.18 1 1
os/file.go:223.18,225.3 1 1
os/file.go:227.2,227.13 1 1
os/file.go:227.13,229.3 1 1
os/file.go:231.2,231.17 1 1
os/file.go:231.17,233.15 2 1
os/file.go:233.15,235.9 2 0
os/file.go:237.3,239.18 3 1
os/file.go:241.2,241.8 1 1
os/file.go:245.58,246.45 1 1
os/file.go:246.45,248.3 1 0
os/file.go:249.2,250.13 2 1
os/file.go:250.13,252.3 1 0
os/file.go:253.2,253.29 1 1
os/file.go:262.52,263.23 1 0
os/file.go:274.58,276.2 1 1
os/file.go:283.70,284.45 1 1
os/file.go:284.45,286.3 1 1
os/file.go:287.2,288.51 2 1
os/file.go:288.51,290.3 1 0
os/file.go:291.2,291.14 1 1
os/file.go:291.14,293.3 1 1
os/file.go:294.2,294.15 1 1
os/file.go:299.57,302.2 2 1
os/file.go:307.46,309.34 2 1
os/file.go:309.34,311.3 1 1
os/file.go:313.2,313.14 1 1
os/file.go:313.14,315.3 1 1
os/file.go:318.2,318.58 1 1
os/file.go:318.58,321.15 2 1
os/file.go:321.15,324.4 2 0
os/file.go:327.2,327.12 1 1
os/file.go:331.38,333.16 2 1
os/file.go:333.16,335.3 1 0
os/file.go:336.2,336.42 1 1
os/file.go:341.30,342.39 1 1
os/file.go:342.39,345.3 2 1
os/file.go:346.2,346.31 1 1
os/file.go:346.31,349.10 3 0
os/file.go:349.10,351.4 1 0
os/file.go:351.9,353.4 1 0
os/file.go:354.3,354.22 1 0
os/file.go:356.2,356.41 1 1
os/file.go:356.41,358.17 2 0
os/file.go:358.17,360.4 1 0
os/file.go:362.2,362.12 1 1
os/file.go:369.39,371.2 1 1
os/file.go:379.41,381.2 1 1
os/file.go:390.68,393.16 3 1
os/file.go:393.16,395.3 1 1
os/file.go:396.2,398.15 2 1
os/file.go:406.42,409.2 2 1
os/file.go:420.44,422.2 1 1
os/file.go:429.44,431.2 1 1
os/file.go:435.46,436.11 1 1
os/file.go:436.11,438.3 1 0
os/file.go:439.2,439.15 1 1
os/file.go:449.52,450.33 1 1
os/file.go:450.33,452.3 1 1
os/file.go:453.2,453.32 1 1
os/file.go:453.32,455.3 1 1
os/file.go:455.8,455.64 1 1
os/file.go:455.64,456.73 1 0
os/file.go:458.2,458.51 1 1
os/file.go:470.23,472.2 1 1
os/file.go:487.37,490.22 2 1
os/file.go:491.17,493.16 2 0
os/file.go:493.16,495.4 1 0
os/file.go:497.23,499.16 2 1
os/file.go:499.16,501.4 1 0
os/file.go:502.3,502.27 1 1
os/file.go:504.15,506.16 2 0
os/file.go:506.16,508.4 1 0
os/file.go:509.3,509.22 1 0
os/file.go:511.10,513.16 2 0
os/file.go:513.16,515.17 2 0
os/file.go:515.17,517.5 1 0
os/file.go:518.4,518.20 1 0
os/file.go:519.9,519.38 1 0
os/file.go:519.38,521.4 1 0
os/file.go:524.2,524.17 1 1
os/file.go:540.38,543.22 2 1
os/file.go:544.17,546.16 2 0
os/file.go:546.16,548.4 1 0
os/file.go:550.23,552.16 2 1
os/file.go:552.16,554.4 1 0
os/file.go:555.3,555.40 1 1
os/file.go:557.15,559.16 2 0
os/file.go:559.16,561.4 1 0
os/file.go:562.3,562.16 1 0
os/file.go:564.10,566.16 2 0
os/file.go:566.16,568.17 2 0
os/file.go:568.17,570.5 1 0
os/file.go:571.4,571.21 1 0
os/file.go:572.9,572.38 1 0
os/file.go:572.38,574.4 1 0
os/file.go:577.2,577.17 1 1
os/file.go:588.36,590.22 2 1
os/file.go:591.17,592.47 1 0
os/file.go:593.15,594.32 1 0
os/file.go:596.2,596.31 1 1
os/file.go:596.31,598.3 1 1
os/file.go:600.2,600.22 1 0
os/file.go:601.17,602.24 1 0
os/file.go:603.13,604.18 1 0
os/file.go:606.2,606.51 1 0
os/file.go:627.46,627.74 1 1
os/file.go:631.43,631.67 1 1
os/file.go:657.47,659.2 1 1
os/file.go:665.51,667.2 1 1
os/file.go:675.52,677.2 1 1
os/file.go:681.55,682.52 1 1
os/file.go:682.52,684.3 1 0
os/file.go:685.2,685.22 1 1
os/file.go:705.30,707.2 1 1
os/file.go:711.53,713.16 2 1
os/file.go:713.16,715.3 1 1
os/file.go:716.2,717.16 2 1
os/file.go:717.16,724.3 2 1
os/file.go:725.2,725.15 1 1
os/file.go:732.56,734.16 2 1
os/file.go:734.16,736.3 1 1
os/file.go:737.2,738.16 2 1
os/file.go:738.16,739.36 1 1
os/file.go:739.36,742.4 1 1
os/file.go:743.3,743.18 1 1
os/file.go:745.2,745.15 1 1
os/file.go:750.59,752.16 2 1
os/file.go:752.16,754.3 1 0
os/file.go:755.2,756.16 2 1
os/file.go:756.16,757.36 1 1
os/file.go:757.36,760.4 1 1
os/file.go:761.3,761.18 1 1
os/file.go:763.2,763.21 1 1
os/file.go:766.57,768.16 2 1
os/file.go:768.16,770.3 1 0
os/file.go:771.2,772.16 2 1
os/file.go:772.16,776.3 2 1
os/file.go:777.2,777.15 1 1
os/file.go:781.52,782.15 1 1
os/file.go:782.15,784.3 1 1
os/file.go:785.2,786.16 2 1
os/file.go:786.16,788.3 1 1
os/file.go:789.2,789.38 1 1
os/file.go:789.38,791.3 1 1
os/file.go:792.2,792.56 1 1
os/file.go:799.44,801.16 2 1
os/file.go:801.16,803.3 1 1
os/file.go:804.2,805.28 2 1
os/file.go:808.48,810.39 2 1
os/file.go:810.39,812.35 2 1
os/file.go:812.35,814.4 1 1
os/file.go:816.2,822.16 2 1
os/file.go:822.16,824.3 1 1
os/file.go:826.2,827.6 2 1
os/file.go:827.6,830.17 3 1
os/file.go:830.17,831.21 1 1
os/file.go:831.21,833.5 1 1
os/file.go:834.4,834.20 1 1
os/file.go:837.3,837.29 1 1
os/file.go:837.29,840.4 2 0
os/file.go:849.63,851.16 2 1
os/file.go:851.16,853.3 1 1
os/file.go:854.2,855.50 2 1
os/file.go:855.50,857.3 1 0
os/file.go:858.2,858.12 1 1
os/file_open_unix.go:14.74,17.2 2 1
os/file_posix.go:19.30,20.14 1 1
os/file_posix.go:20.14,22.3 1 1
os/file_posix.go:23.2,23.23 1 1
os/file_posix.go:28.50,32.2 3 1
os/file_posix.go:37.62,41.2 3 1
os/file_posix.go:45.51,49.2 3 1
os/file_posix.go:53.63,57.2 3 1
os/file_posix.go:60.41,62.23 2 1
os/file_posix.go:62.23,64.3 1 0
os/file_posix.go:65.2,65.23 1 1
os/file_posix.go:65.23,67.3 1 0
os/file_posix.go:68.2,68.23 1 1
os/file_posix.go:68.23,70.3 1 1
os/file_posix.go:72.2,72.8 1 1
os/file_posix.go:76.46,78.34 2 1
os/file_posix.go:78.34,80.3 1 1
os/file_posix.go:81.2,81.14 1 1
os/file_posix.go:81.14,83.3 1 1
os/file_posix.go:84.2,84.12 1 1
os/file_posix.go:88.43,89.46 1 1
os/file_posix.go:89.46,91.3 1 1
os/file_posix.go:92.2,92.52 1 1
os/file_posix.go:92.52,94.3 1 0
os/file_posix.go:95.2,95.12 1 1
os/file_posix.go:105.45,106.34 1 1
os/file_posix.go:106.34,108.3 1 1
os/file_posix.go:109.2,109.14 1 1
os/file_posix.go:109.14,111.3 1 0
os/file_posix.go:112.2,112.12 1 1
os/file_posix.go:121.46,122.34 1 1
os/file_posix.go:122.34,124.3 1 1
os/file_posix.go:125.2,125.14 1 1
os/file_posix.go:125.14,127.3 1 0
os/file_posix.go:128.2,128.12 1 1
os/file_posix.go:136.42,137.46 1 1
os/file_posix.go:137.46,139.3 1 1
os/file_posix.go:140.2,140.43 1 1
os/file_posix.go:140.43,142.3 1 0
os/file_posix.go:143.2,143.12 1 1
os/file_posix.go:149.43,150.49 1 1
os/file_posix.go:150.49,152.3 1 1
os/file_posix.go:153.2,153.42 1 1
os/file_posix.go:153.42,155.3 1 0
os/file_posix.go:156.2,156.12 1 1
os/file_posix.go:162.29,163.45 1 1
os/file_posix.go:163.45,165.3 1 1
os/file_posix.go:166.2,166.34 1 0
os/file_posix.go:166.34,168.3 1 0
os/file_posix.go:169.2,169.12 1 0
os/file_posix.go:179.67,181.34 2 1
os/file_posix.go:181.34,182.17 1 1
os/file_posix.go:182.17,184.4 1 1
os/file_posix.go:184.9,186.4 1 1
os/file_posix.go:188.2,190.70 3 1
os/file_posix.go:190.70,192.3 1 0
os/file_posix.go:193.2,193.12 1 1
os/file_posix.go:199.30,200.46 1 1
os/file_posix.go:200.46,202.3 1 1
os/file_posix.go:203.2,203.35 1 1
os/file_posix.go:203.35,205.3 1 0
os/file_posix.go:206.2,206.12 1 1
os/file_posix.go:210.47,211.52 1 1
os/file_posix.go:211.52,213.3 1 0
os/file_posix.go:214.2,214.29 1 1
os/file_posix.go:218.51,219.56 1 1
os/file_posix.go:219.56,221.3 1 0
os/file_posix.go:222.2,222.33 1 1
os/file_posix.go:226.52,227.57 1 1
os/file_posix.go:227.57,229.3 1 0
os/file_posix.go:230.2,230.34 1 1
os/file_posix.go:235.44,236.14 1 1
os/file_posix.go:236.14,238.3 1 1
os/file_posix.go:239.2,239.12 1 1
os/file_posix.go:249.43,250.6 1 1
os/file_posix.go:250.6,252.27 2 1
os/file_posix.go:252.27,254.4 1 1
os/file_posix.go:259.61,260.6 1 1
os/file_posix.go:260.6,262.27 2 1
os/file_posix.go:262.27,264.4 1 1
os/file_unix.go:22.38,24.2 1 1
os/file_unix.go:26.44,28.30 2 1
os/file_unix.go:28.30,37.45 1 1
os/file_unix.go:37.45,38.38 1 1
os/file_unix.go:38.38,40.5 1 1
os/file_unix.go:41.4,41.54 1 1
os/file_unix.go:42.9,42.54 1 1
os/file_unix.go:42.54,44.4 1 1
os/file_unix.go:46.2,46.35 1 1
os/file_unix.go:46.35,48.3 1 1
os/file_unix.go:49.2,49.16 1 1
os/file_unix.go:49.16,51.3 1 1
os/file_unix.go:52.2,52.12 1 1
os/file_unix.go:80.29,81.14 1 1
os/file_unix.go:81.14,83.3 1 1
os/file_unix.go:90.2,90.16 1 1
os/file_unix.go:90.16,92.3 1 1
os/file_unix.go:94.2,94.29 1 1
os/file_unix.go:106.45,108.13 2 1
os/file_unix.go:108.13,110.3 1 1
os/file_unix.go:112.2,113.16 2 1
os/file_unix.go:113.16,115.3 1 0
os/file_unix.go:116.2,118.10 3 1
os/file_unix.go:131.49,132.12 1 0
os/file_unix.go:132.12,133.22 1 0
os/file_unix.go:136.2,136.42 1 0
os/file_unix.go:162.77,183.26 3 1
os/file_unix.go:183.26,184.23 1 1
os/file_unix.go:185.69,187.38 2 1
os/file_unix.go:187.38,189.5 1 1
os/file_unix.go:190.4,198.72 2 1
os/file_unix.go:198.72,200.5 1 1
os/file_unix.go:206.4,206.85 1 1
os/file_unix.go:206.85,208.5 1 1
os/file_unix.go:212.2,213.14 2 1
os/file_unix.go:213.14,217.18 1 1
os/file_unix.go:217.18,219.24 1 1
os/file_unix.go:219.24,221.5 1 0
os/file_unix.go:222.9,222.62 1 1
os/file_unix.go:222.62,225.4 2 1
os/file_unix.go:225.9,227.4 1 0
os/file_unix.go:237.2,237.78 1 1
os/file_unix.go:237.78,238.56 1 1
os/file_unix.go:238.56,240.4 1 1
os/file_unix.go:243.2,244.10 2 1
os/file_unix.go:252.38,253.44 1 1
os/file_unix.go:253.44,255.3 1 1
os/file_unix.go:264.73,266.80 2 1
os/file_unix.go:266.80,267.44 1 0
os/file_unix.go:267.44,269.4 1 0
os/file_unix.go:272.2,278.29 2 1
os/file_unix.go:278.29,281.3 2 1
os/file_unix.go:282.2,282.14 1 1
os/file_unix.go:282.14,284.3 1 1
os/file_unix.go:287.2,287.15 1 1
os/file_unix.go:287.15,289.3 1 0
os/file_unix.go:293.2,293.26 1 1
os/file_unix.go:293.26,295.3 1 0
os/file_unix.go:297.2,299.15 3 1
os/file_unix.go:302.47,308.29 2 1
os/file_unix.go:308.29,311.3 2 1
os/file_unix.go:312.2,312.14 1 1
os/file_unix.go:312.14,314.3 1 1
os/file_unix.go:316.2,316.26 1 1
os/file_unix.go:316.26,318.3 1 0
os/file_unix.go:320.2,322.15 3 1
os/file_unix.go:325.33,326.17 1 1
os/file_unix.go:326.17,328.3 1 0
os/file_unix.go:329.2,329.49 1 1
os/file_unix.go:329.49,331.3 1 1
os/file_unix.go:332.2,333.37 2 1
os/file_unix.go:333.37,334.31 1 1
os/file_unix.go:334.31,336.4 1 1
os/file_unix.go:337.3,337.57 1 1
os/file_unix.go:341.2,342.12 2 1
os/file_unix.go:349.70,350.46 1 1
os/file_unix.go:350.46,354.3 1 1
os/file_unix.go:355.2,357.17 3 1
os/file_unix.go:363.46,364.34 1 1
os/file_unix.go:364.34,366.3 1 1
os/file_unix.go:367.2,367.14 1 1
os/file_unix.go:367.14,369.3 1 1
os/file_unix.go:370.2,370.12 1 1
os/file_unix.go:375.32,380.34 1 1
os/file_unix.go:380.34,382.3 1 1
os/file_unix.go:383.2,383.14 1 1
os/file_unix.go:383.14,385.3 1 1
os/file_unix.go:386.2,386.35 1 1
os/file_unix.go:386.35,388.3 1 1
os/file_unix.go:389.2,389.15 1 1
os/file_unix.go:389.15,391.3 1 1
os/file_unix.go:402.2,402.27 1 1
os/file_unix.go:402.27,404.3 1 1
os/file_unix.go:405.2,405.53 1 1
os/file_unix.go:408.23,410.15 2 1
os/file_unix.go:410.15,411.32 1 0
os/file_unix.go:411.32,413.4 1 0
os/file_unix.go:413.9,415.4 1 0
os/file_unix.go:417.2,417.12 1 1
os/file_unix.go:422.42,423.34 1 1
os/file_unix.go:423.34,425.3 1 1
os/file_unix.go:426.2,426.14 1 1
os/file_unix.go:426.14,428.3 1 1
os/file_unix.go:429.2,429.12 1 1
os/file_unix.go:436.45,437.34 1 1
os/file_unix.go:437.34,439.3 1 1
os/file_unix.go:440.2,440.14 1 1
os/file_unix.go:440.14,442.3 1 0
os/file_unix.go:443.2,443.12 1 1
os/file_unix.go:446.44,447.29 1 1
os/file_unix.go:447.29,449.48 2 1
os/file_unix.go:449.48,451.4 1 1
os/file_unix.go:453.3,453.83 1 1
os/file_unix.go:453.83,454.12 1 0
os/file_unix.go:456.3,456.17 1 1
os/file_unix.go:456.17,458.4 1 0
os/file_unix.go:459.3,459.14 1 1
os/file_unix.go:459.14,461.4 1 1
os/file_unix.go:472.38,472.55 1 1
os/file_unix.go:473.38,473.62 1 1
os/file_unix.go:474.38,474.54 1 1
os/file_unix.go:476.47,477.19 1 1
os/file_unix.go:477.19,479.3 1 0
os/file_unix.go:480.2,480.39 1 1
os/file_unix.go:483.38,485.2 1 0
os/file_unix.go:487.73,493.54 2 1
os/file_unix.go:493.54,495.3 1 1
os/file_unix.go:497.2,498.16 2 0
os/file_unix.go:498.16,500.3 1 0
os/file_unix.go:502.2,504.17 3 0
os/getwd.go:26.38,27.58 1 1
os/getwd.go:27.58,34.3 2 0
os/getwd.go:38.2,40.35 3 1
os/getwd.go:40.35,42.17 2 1
os/getwd.go:42.17,44.4 1 0
os/getwd.go:45.3,46.37 2 1
os/getwd.go:46.37,48.4 1 1
os/getwd.go:55.2,55.29 1 1
os/getwd.go:55.29,61.99 2 1
os/getwd.go:61.99,63.4 1 1
os/getwd.go:67.2,67.16 1 1
os/getwd.go:67.16,69.17 2 1
os/getwd.go:69.17,71.4 1 0
os/getwd.go:74.2,77.18 4 1
os/getwd.go:77.18,79.37 2 1
os/getwd.go:79.37,81.4 1 0
os/getwd.go:86.2,87.16 2 1
os/getwd.go:87.16,90.3 1 0
os/getwd.go:91.2,91.25 1 1
os/getwd.go:91.25,93.3 1 0
os/getwd.go:98.2,99.48 2 1
os/getwd.go:99.48,100.26 1 1
os/getwd.go:100.26,102.4 1 0
os/getwd.go:103.3,104.17 2 1
os/getwd.go:104.17,106.4 1 0
os/getwd.go:108.3,108.7 1 1
os/getwd.go:108.7,110.18 2 1
os/getwd.go:110.18,116.32 2 0
os/getwd.go:116.32,118.6 1 0
os/getwd.go:119.5,119.51 1 0
os/getwd.go:121.4,121.31 1 1
os/getwd.go:121.31,123.25 2 1
os/getwd.go:123.25,125.16 2 1
os/getwd.go:131.3,133.17 3 1
os/getwd.go:133.17,135.4 1 0
os/getwd.go:136.3,136.25 1 1
os/getwd.go:136.25,137.9 1 1
os/getwd.go:140.3,140.11 1 1
os/getwd.go:144.2,148.17 4 1
os/path.go:19.49,22.16 2 1
os/path.go:22.16,23.18 1 1
os/path.go:23.18,25.4 1 1
os/path.go:26.3,26.67 1 1
os/path.go:34.2,35.41 2 1
os/path.go:35.41,37.3 1 1
os/path.go:38.2,38.42 1 1
os/path.go:38.42,40.3 1 1
os/path.go:41.2,41.11 1 1
os/path.go:41.11,43.3 1 0
os/path.go:47.2,47.74 1 1
os/path.go:47.74,49.17 2 1
os/path.go:49.17,51.4 1 1
os/path.go:55.2,56.16 2 1
os/path.go:56.16,60.33 2 1
os/path.go:60.33,62.4 1 1
os/path.go:63.3,63.13 1 0
os/path.go:65.2,65.12 1 1
os/path.go:73.35,75.2 1 1
os/path.go:78.36,79.17 1 1
os/path.go:79.17,81.3 1 1
os/path.go:82.2,82.86 1 1
os/path.go:82.86,84.3 1 0
os/path.go:85.2,85.14 1 1
os/path_unix.go:15.36,17.2 1 1
os/path_unix.go:20.46,25.56 2 1
os/path_unix.go:25.56,27.3 1 1
os/path_unix.go:29.2,32.37 2 1
os/path_unix.go:32.37,34.3 1 1
os/path_unix.go:37.2,40.23 2 1
os/path_unix.go:40.23,41.21 1 1
os/path_unix.go:41.21,42.14 1 1
os/path_unix.go:42.14,44.5 1 1
os/path_unix.go:44.10,46.5 1 1
os/path_unix.go:47.4,48.9 2 1
os/path_unix.go:52.2,52.26 1 1
os/pidfd_other.go:11.77,13.2 1 1
os/pidfd_other.go:15.63,17.2 1 1
os/pidfd_other.go:19.40,21.2 1 1
os/pidfd_other.go:23.54,24.22 1 0
os/pidfd_other.go:27.59,28.22 1 0
os/pipe_unix.go:13.43,19.14 4 1
os/pipe_unix.go:19.14,22.3 2 0
os/pipe_unix.go:23.2,27.88 4 1
os/proc.go:18.13,19.31 1 1
os/proc.go:19.31,22.3 1 0
os/proc.go:23.2,23.23 1 1
os/proc.go:31.19,31.46 1 1
os/proc.go:36.20,36.48 1 0
os/proc.go:41.19,41.46 1 1
os/proc.go:46.20,46.48 1 0
os/proc.go:52.33,55.2 2 1
os/proc.go:62.21,63.41 1 1
os/proc.go:63.41,67.53 1 0
os/proc.go:75.2,77.20 2 1
os/rawconn.go:18.50,19.65 1 0
os/rawconn.go:19.65,21.3 1 0
os/rawconn.go:22.2,24.12 3 0
os/rawconn.go:27.52,28.62 1 1
os/rawconn.go:28.62,30.3 1 0
os/rawconn.go:31.2,33.12 3 1
os/rawconn.go:36.53,37.63 1 1
os/rawconn.go:37.63,39.3 1 0
os/rawconn.go:40.2,42.12 3 1
os/rawconn.go:45.47,47.2 1 1
os/removeall_at.go:15.35,16.16 1 1
os/removeall_at.go:16.16,20.3 1 1
os/removeall_at.go:24.2,24.23 1 1
os/removeall_at.go:24.23,26.3 1 1
os/removeall_at.go:29.2,30.35 2 1
os/removeall_at.go:30.35,32.3 1 1
os/removeall_at.go:36.2,39.21 3 1
os/removeall_at.go:39.21,42.3 1 0
os/removeall_at.go:43.2,43.16 1 1
os/removeall_at.go:43.16,45.3 1 0
os/removeall_at.go:46.2,48.52 2 1
os/removeall_at.go:48.52,49.42 1 1
os/removeall_at.go:49.42,52.4 2 1
os/removeall_at.go:53.3,53.13 1 1
os/removeall_at.go:55.2,55.12 1 1
os/removeall_at.go:58.53,61.36 2 1
os/removeall_at.go:61.36,63.3 1 1
os/removeall_at.go:64.2,64.35 1 1
os/removeall_at.go:64.35,66.3 1 1
os/removeall_at.go:74.2,74.76 1 1
os/removeall_at.go:74.76,76.3 1 0
os/removeall_at.go:77.2,81.6 3 1
os/removeall_at.go:81.6,87.17 4 1
os/removeall_at.go:87.17,88.23 1 1
os/removeall_at.go:88.23,90.5 1 0
os/removeall_at.go:91.4,91.59 1 1
os/removeall_at.go:91.59,94.5 1 1
os/removeall_at.go:95.4,96.9 2 1
os/removeall_at.go:99.3,99.7 1 1
os/removeall_at.go:99.7,104.43 3 1
os/removeall_at.go:104.43,106.28 2 0
os/removeall_at.go:106.28,108.6 1 0
os/removeall_at.go:109.5,109.68 1 0
os/removeall_at.go:112.4,113.31 2 1
os/removeall_at.go:113.31,115.19 2 1
os/removeall_at.go:115.19,116.45 1 1
os/removeall_at.go:116.45,118.7 1 1
os/removeall_at.go:119.6,120.27 2 1
os/removeall_at.go:120.27,122.7 1 1
os/removeall_at.go:128.4,128.25 1 1
os/removeall_at.go:128.25,129.10 1 1
os/removeall_at.go:138.3,141.25 2 1
os/removeall_at.go:141.25,142.9 1 1
os/removeall_at.go:147.2,147.44 1 1
os/removeall_at.go:147.44,149.3 1 1
os/removeall_at.go:150.2,150.51 1 1
os/removeall_at.go:150.51,152.3 1 1
os/removeall_at.go:154.2,154.23 1 1
os/removeall_at.go:154.23,156.3 1 1
os/removeall_at.go:157.2,157.65 1 1
os/removeall_at.go:168.55,169.47 1 1
os/removeall_at.go:169.47,171.3 1 1
os/removeall_at.go:172.2,172.16 1 1
os/removeall_at.go:172.16,174.3 1 1
os/removeall_at.go:176.2,176.26 1 1
os/removeall_at.go:176.26,178.3 1 0
os/removeall_at.go:181.2,181.49 1 1
os/root.go:24.50,26.16 2 1
os/root.go:26.16,28.3 1 0
os/root.go:29.2,30.21 2 1
os/root.go:75.43,78.2 2 1
os/root.go:83.30,85.2 1 1
os/root.go:89.30,91.2 1 1
os/root.go:95.49,97.2 1 1
os/root.go:101.51,103.2 1 1
os/root.go:110.78,111.24 1 1
os/root.go:111.24,113.3 1 1
os/root.go:114.2,116.16 3 1
os/root.go:116.16,118.3 1 1
os/root.go:119.2,120.16 2 1
os/root.go:125.53,128.2 2 1
os/root.go:136.56,137.24 1 1
os/root.go:137.24,139.3 1 1
os/root.go:140.2,140.33 1 1
os/root.go:145.42,147.2 1 1
os/root.go:151.52,154.2 2 1
os/root.go:160.53,163.2 2 1
os/root.go:165.37,166.41 1 1
os/root.go:166.41,170.3 1 0
os/root.go:173.37,174.41 1 1
os/root.go:174.41,178.3 1 0
os/root.go:190.81,191.17 1 1
os/root.go:191.17,193.3 1 1
os/root.go:194.2,194.27 1 1
os/root.go:194.27,196.3 1 1
os/root.go:198.2,198.31 1 1
os/root.go:198.31,201.17 2 0
os/root.go:201.17,203.4 1 0
os/root.go:204.3,205.15 2 0
os/root.go:208.2,210.6 3 1
os/root.go:210.6,211.43 1 1
os/root.go:211.43,214.12 2 1
os/root.go:216.3,218.43 2 1
os/root.go:218.43,220.4 1 1
os/root.go:221.3,221.18 1 1
os/root.go:221.18,225.9 2 1
os/root.go:227.3,227.33 1 1
os/root.go:227.33,230.4 1 1
os/root.go:231.3,231.8 1 1
os/root.go:233.2,233.69 1 1
os/root.go:233.69,236.3 1 1
os/root.go:237.2,238.19 2 1
os/root.go:245.27,247.2 1 1
os/root.go:251.55,253.30 2 1
os/root.go:253.30,255.3 1 1
os/root.go:256.2,257.16 2 1
os/root.go:257.16,259.3 1 1
os/root.go:260.2,260.15 1 1
os/root.go:263.61,265.30 2 1
os/root.go:265.30,267.3 1 0
os/root.go:275.2,276.16 2 1
os/root.go:276.16,278.3 1 1
os/root.go:279.2,281.48 3 1
os/root.go:281.48,283.3 1 1
os/root.go:284.2,284.18 1 1
os/root.go:287.58,289.30 2 1
os/root.go:289.30,291.3 1 1
os/root.go:292.2,293.16 2 1
os/root.go:293.16,295.3 1 1
os/root.go:296.2,297.28 2 1
os/root.go:300.56,302.30 2 1
os/root.go:302.30,304.3 1 0
os/root.go:305.2,305.21 1 1
os/root.go:309.42,310.25 1 1
os/root.go:310.25,312.3 1 1
os/root.go:313.2,313.31 1 1
os/root.go:313.31,318.45 1 0
os/root.go:318.45,320.4 1 0
os/root.go:322.2,322.13 1 1
os/root_nonwindows.go:9.71,11.2 1 0
os/root_openat.go:30.30,33.30 3 1
os/root_openat.go:33.30,35.3 1 1
os/root_openat.go:36.2,38.12 3 1
os/root_openat.go:41.31,44.14 3 1
os/root_openat.go:44.14,46.3 1 1
os/root_openat.go:47.2,48.12 2 1
os/root_openat.go:51.25,54.17 3 1
os/root_openat.go:54.17,55.29 1 0
os/root_openat.go:57.2,58.29 2 1
os/root_openat.go:58.29,60.3 1 0
os/root_openat.go:63.30,65.2 1 1
os/root_openat.go:67.59,68.84 1 1
os/root_openat.go:68.84,70.3 1 1
os/root_openat.go:71.2,71.16 1 1
os/root_openat.go:71.16,73.3 1 1
os/root_openat.go:74.2,74.12 1 1
os/root_openat.go:77.45,78.84 1 1
os/root_openat.go:78.84,80.3 1 1
os/root_openat.go:81.2,81.16 1 1
os/root_openat.go:81.16,83.3 1 1
os/root_openat.go:84.2,84.12 1 1
os/root_openat.go:95.113,96.40 1 1
os/root_openat.go:96.40,98.3 1 1
os/root_openat.go:99.2,102.16 3 1
os/root_openat.go:102.16,104.3 1 1
os/root_openat.go:106.2,108.15 3 1
os/root_openat.go:108.15,109.22 1 1
os/root_openat.go:109.22,111.4 1 1
os/root_openat.go:120.2,127.6 7 1
os/root_openat.go:127.6,129.49 2 1
os/root_openat.go:129.49,131.4 1 0
os/root_openat.go:133.3,133.23 1 1
os/root_openat.go:133.23,141.47 3 1
os/root_openat.go:141.47,143.5 1 1
os/root_openat.go:144.4,145.17 2 1
os/root_openat.go:145.17,147.5 1 1
os/root_openat.go:148.4,150.23 3 1
os/root_openat.go:150.23,152.5 1 1
os/root_openat.go:153.4,154.12 2 1
os/root_openat.go:157.3,157.24 1 1
os/root_openat.go:157.24,163.38 2 1
os/root_openat.go:163.38,165.5 1 1
os/root_openat.go:166.9,169.18 3 1
os/root_openat.go:169.18,170.24 1 1
os/root_openat.go:170.24,172.6 1 1
os/root_openat.go:173.5,173.15 1 1
os/root_openat.go:174.10,174.45 1 1
os/root_openat.go:174.45,176.5 1 1
os/root_openat.go:179.3,179.36 1 1
os/root_openat.go:179.36,181.34 2 1
os/root_openat.go:181.34,183.5 1 1
os/root_openat.go:184.4,185.18 2 1
os/root_openat.go:185.18,187.5 1 1
os/root_openat.go:188.4,188.67 1 1
os/root_openat.go:188.67,192.24 2 0
os/root_openat.go:192.24,194.6 1 0
os/root_openat.go:195.5,195.19 1 0
os/root_openat.go:197.4,198.12 2 1
os/root_openat.go:201.3,201.6 1 1
os/root_openat.go:209.34,209.75 1 0
os/root_unix.go:19.48,21.36 2 1
os/root_unix.go:21.36,25.3 3 1
os/root_unix.go:26.2,26.16 1 1
os/root_unix.go:26.16,28.3 1 0
os/root_unix.go:29.2,29.26 1 1
os/root_unix.go:34.50,36.36 2 1
os/root_unix.go:36.36,38.3 1 1
os/root_unix.go:39.2,40.31 2 1
os/root_unix.go:40.31,43.3 2 1
os/root_unix.go:47.2,47.26 1 1
os/root_unix.go:47.26,49.3 1 0
os/root_unix.go:51.2,56.15 3 1
os/root_unix.go:60.58,61.81 1 1
os/root_unix.go:61.81,62.30 1 1
os/root_unix.go:62.30,64.26 2 1
os/root_unix.go:64.26,66.5 1 1
os/root_unix.go:67.4,67.14 1 1
os/root_unix.go:69.3,69.17 1 1
os/root_unix.go:71.2,71.16 1 1
os/root_unix.go:71.16,73.3 1 1
os/root_unix.go:74.2,74.26 1 1
os/root_unix.go:78.89,79.84 1 1
os/root_unix.go:79.84,80.30 1 1
os/root_unix.go:80.30,82.52 2 1
os/root_unix.go:82.52,84.5 1 1
os/root_unix.go:85.4,85.14 1 1
os/root_unix.go:87.3,87.17 1 1
os/root_unix.go:89.2,89.16 1 1
os/root_unix.go:89.16,91.3 1 1
os/root_unix.go:92.2,93.15 2 1
os/root_unix.go:96.56,101.29 2 1
os/root_unix.go:101.29,103.51 2 1
os/root_unix.go:103.51,105.4 1 1
os/root_unix.go:105.9,105.65 1 1
os/root_unix.go:105.65,110.4 1 0
os/root_unix.go:111.3,111.13 1 1
os/root_unix.go:113.2,113.16 1 1
os/root_unix.go:116.67,117.82 1 1
os/root_unix.go:117.82,119.84 2 1
os/root_unix.go:119.84,121.4 1 1
os/root_unix.go:122.3,123.43 2 1
os/root_unix.go:123.43,125.4 1 1
os/root_unix.go:126.3,126.18 1 1
os/root_unix.go:128.2,128.16 1 1
os/root_unix.go:128.16,130.3 1 1
os/root_unix.go:131.2,131.16 1 1
os/root_unix.go:134.56,135.36 1 1
os/root_unix.go:135.36,137.3 1 1
os/root_unix.go:140.42,143.34 1 1
os/root_unix.go:143.34,145.3 1 1
os/root_unix.go:146.2,146.14 1 1
os/root_unix.go:146.14,148.3 1 1
os/root_unix.go:149.2,149.35 1 1
os/root_unix.go:149.35,151.3 1 1
os/root_unix.go:152.2,152.15 1 1
os/root_unix.go:152.15,154.3 1 1
os/root_unix.go:156.2,156.27 1 1
os/root_unix.go:156.27,158.3 1 1
os/root_unix.go:159.2,159.10 1 1
os/root_unix.go:166.67,168.16 2 1
os/root_unix.go:168.16,170.3 1 1
os/root_unix.go:171.2,171.25 1 1
os/root_unix.go:174.54,175.29 1 1
os/root_unix.go:175.29,181.30 3 1
os/root_unix.go:181.30,184.4 2 1
os/root_unix.go:185.3,185.26 1 1
os/root_unix.go:185.26,186.12 1 0
os/root_unix.go:188.3,188.15 1 1
os/root_unix.go:188.15,190.4 1 1
os/root_unix.go:191.3,191.12 1 1
os/root_unix.go:191.12,193.4 1 0
os/root_unix.go:194.3,194.14 1 1
os/root_unix.go:194.14,196.4 1 1
os/stat.go:11.42,14.2 2 1
os/stat.go:24.43,27.2 2 1
os/stat_darwin.go:13.53,18.38 5 1
os/stat_darwin.go:19.40,20.24 1 0
os/stat_darwin.go:21.23,22.41 1 1
os/stat_darwin.go:23.23,24.21 1 1
os/stat_darwin.go:25.23,26.27 1 1
os/stat_darwin.go:27.23,28.25 1 1
os/stat_darwin.go:29.23,29.23 0 1
os/stat_darwin.go:31.24,32.24 1 1
os/stat_darwin.go:34.2,34.38 1 1
os/stat_darwin.go:34.38,36.3 1 0
os/stat_darwin.go:37.2,37.38 1 1
os/stat_darwin.go:37.38,39.3 1 0
os/stat_darwin.go:40.2,40.38 1 1
os/stat_darwin.go:40.38,42.3 1 1
os/stat_darwin.go:46.35,48.2 1 1
os/stat_unix.go:15.41,16.14 1 1
os/stat_unix.go:16.14,18.3 1 1
os/stat_unix.go:19.2,21.16 3 1
os/stat_unix.go:21.16,23.3 1 1
os/stat_unix.go:24.2,25.17 2 1
os/stat_unix.go:29.47,31.36 2 1
os/stat_unix.go:31.36,33.3 1 1
os/stat_unix.go:34.2,34.16 1 1
os/stat_unix.go:34.16,36.3 1 1
os/stat_unix.go:37.2,38.17 2 1
os/stat_unix.go:42.48,44.36 2 1
os/stat_unix.go:44.36,46.3 1 1
os/stat_unix.go:47.2,47.16 1 1
os/stat_unix.go:47.16,49.3 1 1
os/stat_unix.go:50.2,51.17 2 1
os/sys.go:8.42,10.2 1 1
os/sys_bsd.go:11.42,13.16 2 1
os/sys_bsd.go:13.16,15.3 1 0
os/sys_bsd.go:16.2,16.18 1 1
os/tempfile.go:22.26,24.2 1 1
os/tempfile.go:35.53,36.15 1 1
os/tempfile.go:36.15,38.3 1 1
os/tempfile.go:40.2,41.16 2 1
os/tempfile.go:41.16,43.3 1 1
os/tempfile.go:44.2,47.6 3 1
os/tempfile.go:47.6,50.19 3 1
os/tempfile.go:50.19,51.26 1 0
os/tempfile.go:51.26,52.13 1 0
os/tempfile.go:54.4,54.88 1 0
os/tempfile.go:56.3,56.16 1 1
os/tempfile.go:64.73,65.36 1 1
os/tempfile.go:65.36,66.34 1 1
os/tempfile.go:66.34,68.4 1 1
os/tempfile.go:70.2,70.65 1 1
os/tempfile.go:70.65,72.3 1 1
os/tempfile.go:72.8,74.3 1 1
os/tempfile.go:75.2,75.28 1 1
os/tempfile.go:86.53,87.15 1 1
os/tempfile.go:87.15,89.3 1 1
os/tempfile.go:91.2,92.16 2 1
os/tempfile.go:92.16,94.3 1 1
os/tempfile.go:95.2,98.6 3 1
os/tempfile.go:98.6,101.17 3 1
os/tempfile.go:101.17,103.4 1 1
os/tempfile.go:104.3,104.19 1 1
os/tempfile.go:104.19,105.26 1 0
os/tempfile.go:105.26,106.13 1 0
os/tempfile.go:108.4,108.116 1 0
os/tempfile.go:110.3,110.22 1 1
os/tempfile.go:110.22,111.44 1 1
os/tempfile.go:111.44,113.5 1 1
os/tempfile.go:115.3,115.17 1 0
os/tempfile.go:119.40,120.54 1 1
os/tempfile.go:120.54,122.3 1 1
os/tempfile.go:123.2,123.43 1 1
os/types.go:13.24,13.56 1 0
os/types.go:60.35,60.53 1 1
os/types.go:61.35,61.63 1 1
os/types.go:69.39,72.18 3 1
os/types.go:72.18,74.3 1 0
os/types.go:75.2,75.27 1 1
os/types_unix.go:23.41,23.59 1 1
os/types_unix.go:24.41,24.59 1 1
os/types_unix.go:25.41,25.62 1 1
os/types_unix.go:26.41,26.59 1 1
os/types_unix.go:28.40,30.2 1 1
os/wait_unimp.go:19.54,21.2 1 1
os/zero_copy_posix.go:16.53,17.38 1 0
os/zero_copy_posix.go:17.38,19.3 1 0
os/zero_copy_posix.go:20.2,20.12 1 0
os/zero_copy_posix.go:26.74,30.9 3 0
os/zero_copy_posix.go:30.9,32.3 1 0
os/zero_copy_posix.go:34.2,35.25 2 0
os/zero_copy_stub.go:11.78,13.2 1 1
os/zero_copy_stub.go:15.73,17.2 1 1
